{"level":"info","message":{"method":"POST","sessionId":"xgUMrxz78Qhey-pjmNTyhx4SgCR1N0pA","text":"User logged in successfully","url":"/api/user/login"},"timestamp":"2024-08-11T16:31:31.106Z"}
{"level":"info","message":{"method":"POST","sessionId":"RU-ywiyrkS5U1owWZxVlPAYhRoYfpZwB","text":"User logged in successfully","url":"/api/user/login"},"timestamp":"2024-08-11T18:59:46.778Z"}
{"level":"info","message":{"method":"POST","sessionId":"fgHjQP4Fb3kLmO5UC-2iejd9EjwymLS5","text":"User logged in successfully","url":"/api/user/login"},"timestamp":"2024-08-12T02:33:16.351Z"}
{"level":"info","message":{"method":"POST","sessionId":"T02vX4E-V60B2Q_jzlYrW9DjBOe68Lao","text":"User logged in successfully","url":"/api/user/login"},"timestamp":"2024-08-12T02:33:44.715Z"}
{"level":"info","message":{"method":"POST","sessionId":"nbFjniY6PHKW6kqxEeqzV4h-FGaTQeJC","text":"User logged in successfully","url":"/api/user/login"},"timestamp":"2024-08-12T08:58:28.670Z"}
{"level":"info","message":{"method":"POST","sessionId":"_NWtKoUf_Zt67pFBfjd8xCEfWDi0qbFX","text":"User logged in successfully","url":"/api/user/login"},"timestamp":"2024-08-12T09:06:29.356Z"}
{"level":"info","message":{"method":"POST","sessionId":"ZGjm8dr_m8Mnaq7re8Ckjjt8mi_-FM-z","text":"User logged in successfully","url":"/api/user/login"},"timestamp":"2024-08-12T09:12:41.691Z"}
{"level":"info","message":{"method":"POST","sessionId":"UWe3UTaqkbjJ_KzQ_u9U9vx9ZkxKaY3g","text":"User logged in successfully","url":"/api/user/login"},"timestamp":"2024-08-12T10:13:01.847Z"}
{"level":"info","message":{"method":"POST","sessionId":"kfZCduJ7IFLFO5xqCqkvP4Xuocfsgwwa","text":"User logged in successfully","url":"/api/user/login"},"timestamp":"2024-08-12T11:54:50.692Z"}
{"level":"info","message":{"method":"POST","sessionId":"3Fgmf2YkkM60X3pfYXuDSkbYB7sACVgE","text":"User logged in successfully","url":"/api/user/login"},"timestamp":"2024-08-12T12:56:02.710Z"}
{"level":"info","message":{"method":"POST","sessionId":"S1_WAOw4tdukW2YSuJt3-zrU_inmbRPh","text":"User logged in successfully","url":"/api/user/login"},"timestamp":"2024-08-12T13:42:17.155Z"}
{"level":"info","message":{"method":"POST","sessionId":"fQVnKhRAI_qU90XrfnLuvZNUaoxZM7CF","text":"User logged in successfully","url":"/api/user/login"},"timestamp":"2024-08-12T14:34:01.978Z"}
{"level":"info","message":{"method":"POST","sessionId":"RxmaaGg7cQICTTPsAnGa9QtuVRJY5NfV","text":"User logged in successfully","url":"/api/user/login"},"timestamp":"2024-08-12T14:55:55.080Z"}
{"level":"info","message":{"method":"POST","sessionId":"7Q8NR58d8_8h9__cI9n8FFx8Vi2NneM0","text":"User logged in successfully","url":"/api/user/login"},"timestamp":"2024-08-12T15:02:22.345Z"}
{"level":"info","message":{"method":"POST","sessionId":"j964G3pkSCIu_Mes2ywHa3skvEJjQVrL","text":"User logged in successfully","url":"/api/user/login"},"timestamp":"2024-08-12T15:08:56.039Z"}
{"level":"info","message":{"method":"POST","sessionId":"5NMjNpKlmIkmpYy4adZCFNbZAmUJ0Dar","text":"User logged in successfully","url":"/api/user/login"},"timestamp":"2024-08-12T15:16:11.024Z"}
{"level":"info","message":{"method":"POST","sessionId":"2b5IB_v8QGEiazq2btSvbHqAfEbLf5v7","text":"User logged in successfully","url":"/api/user/login"},"timestamp":"2024-08-12T15:19:11.031Z"}
{"level":"info","message":{"method":"POST","sessionId":"ZaDNzinOF-i2CAbS7bbM6ZI7SHcArhP_","text":"User logged in successfully","url":"/api/user/login"},"timestamp":"2024-08-12T15:20:57.556Z"}
{"level":"info","message":{"method":"POST","sessionId":"csVHIflheuLng7CqF5hCzkQSFLeZBmkD","text":"User logged in successfully","url":"/api/user/login"},"timestamp":"2024-08-12T15:21:44.846Z"}
{"level":"info","message":{"method":"POST","sessionId":"oIxbB9ViYvZ8saDh2CUxXgLamVa-qe6l","text":"User logged in successfully","url":"/api/user/login"},"timestamp":"2024-08-12T15:22:38.718Z"}
{"level":"info","message":{"method":"POST","sessionId":"Sam3TTSC2bOpzm8MuT3slkqCMm9pYdPI","text":"User logged in successfully","url":"/api/user/login"},"timestamp":"2024-08-12T15:26:33.372Z"}
{"level":"info","message":{"method":"POST","sessionId":"UX7RC0LT0aoiDUn3XdhMM_uZrFneAIo0","text":"User logged in successfully","url":"/api/user/login"},"timestamp":"2024-08-12T15:58:44.764Z"}
{"level":"info","message":{"method":"POST","sessionId":"zRE6lJuftpZrVZZ3Vo26apN8JkCkinYX","text":"User logged in successfully","url":"/api/user/login"},"timestamp":"2024-08-12T16:06:27.697Z"}
{"level":"info","message":{"method":"POST","sessionId":"kU-1VUkRvbliaXXboLtFx3SkIocds5g3","text":"User logged in successfully","url":"/api/user/login"},"timestamp":"2024-08-12T23:58:49.633Z"}
{"level":"info","message":{"method":"POST","sessionId":"-0JvlFHatprMlYWMzFkWOGDhsXxvbZix","text":"User logged in successfully","url":"/api/user/login"},"timestamp":"2024-08-13T04:32:30.155Z"}
{"level":"info","message":{"method":"POST","sessionId":"1b0394_i8tV09d3iT7wN4c-qSTOaQM3M","text":"User logged in successfully","url":"/api/user/login"},"timestamp":"2024-08-13T04:42:49.117Z"}
{"level":"info","message":{"method":"POST","sessionId":"dYIo8EZIH5FKE1oJ4014XKDxDURQjHMA","text":"User logged in successfully","url":"/api/user/login"},"timestamp":"2024-08-13T04:43:48.148Z"}
{"level":"info","message":{"method":"POST","sessionId":"hu3q06SIjJbDF0zwsjEQJ4ZH4JtYO5IU","text":"User logged in successfully","url":"/api/user/login"},"timestamp":"2024-08-13T04:45:41.208Z"}
{"level":"info","message":{"method":"POST","sessionId":"LqkAJ3lpatuNG88prMLZc5nhGfmpoy8o","text":"User logged in successfully","url":"/api/user/login"},"timestamp":"2024-08-13T04:48:11.848Z"}
{"level":"info","message":{"method":"POST","sessionId":"9isxxOcC_kYi-07ZNwYWd1lkVgBg-6cW","text":"User logged in successfully","url":"/api/user/login"},"timestamp":"2024-08-13T04:49:07.557Z"}
{"level":"info","message":{"Fullname":"User Three","method":"POST","sessionId":"IvGgtcX7V4aFkeGMHcZL9EkBIwK2Nkl6","text":"User logged in successfully","url":"/api/user/login","userId":"66bb0cad56ea6b0c876d5689"},"timestamp":"2024-08-13T07:35:31.609Z"}
{"level":"info","message":{"Fullname":"userfour@gmail.com","method":"POST","sessionId":"UQV20mM8gcaJoViSn6dOjWr60vFHGZni","text":"User logged in successfully","url":"/api/user/login","userId":"66c03f583c0bed3fac81b20b"},"timestamp":"2024-08-17T06:13:00.639Z"}
{"level":"info","message":{"Fullname":"User Five","method":"POST","sessionId":"Lf3-ajG71DGGbB0Yg7E1qwzUY8RtnUSR","text":"User logged in successfully","url":"/api/user/login","userId":"66c2bc9f7bbb596206591a0f"},"timestamp":"2024-08-19T09:33:16.987Z"}
{"level":"info","message":{"Fullname":"admin","method":"POST","sessionId":"vhVNP5FZyOoHDVLWjWnN5amHDobct5ep","text":"User logged in successfully","url":"/api/user/login","userId":"66bad8b2c25274fb43183fb6"},"timestamp":"2024-08-19T11:21:57.182Z"}
{"level":"info","message":{"Fullname":"admin","method":"POST","sessionId":"r35ZmDdpUHgEfEMAkiEXLlKummVzgQNI","text":"User logged in successfully","url":"/api/user/login","userId":"66bad8b2c25274fb43183fb6"},"timestamp":"2024-08-19T12:29:23.647Z"}
{"level":"info","message":{"Fullname":"admin","method":"POST","sessionId":"5Z9UxyQP_w4ycsKEzF6RbX_lkXVe7xvX","text":"User logged in successfully","url":"/api/user/login","userId":"66bad8b2c25274fb43183fb6"},"timestamp":"2024-08-19T12:32:45.083Z"}
{"level":"info","message":{"Fullname":"Qui earum exercitati","method":"POST","sessionId":"ygA_GRdmlBaJFhhJFGKR64ZNHgJaxe4D","text":"User logged in successfully","url":"/api/user/login","userId":"66c2b4f4ac7e398ad3591369"},"timestamp":"2024-08-19T15:04:14.568Z"}
{"level":"info","message":{"Fullname":"Qui earum exercitati","method":"POST","sessionId":"KCt9gN97VMTPspCptFTKxzjGSqNLzoKF","text":"User logged in successfully","url":"/api/user/login","userId":"66c2b4f4ac7e398ad3591369"},"timestamp":"2024-08-21T07:05:00.660Z"}
{"level":"info","message":{"Fullname":"Qui earum exercitati","method":"POST","sessionId":"FpJU3jTCzsPLP29GMymrtuOGGB0UAnvO","text":"User logged in successfully","url":"/api/user/login","userId":"66c2b4f4ac7e398ad3591369"},"timestamp":"2024-08-21T07:26:21.238Z"}
{"level":"info","message":{"Fullname":"Qui earum exercitati","method":"POST","sessionId":"mTf6d0ro6l8Rfap47Zeo7nt6tQyB8ijJ","text":"User logged in successfully","url":"/api/user/login","userId":"66c2b4f4ac7e398ad3591369"},"timestamp":"2024-08-21T07:27:46.058Z"}
{"level":"info","message":{"Fullname":"admin","method":"POST","sessionId":"Bdt76sJ053xvRovrdEyoHGES4_-Yfb-z","text":"User logged in successfully","url":"/api/user/login","userId":"66bad8b2c25274fb43183fb6"},"timestamp":"2024-08-21T07:43:26.773Z"}
{"level":"info","message":{"Fullname":"Qui earum exercitati","method":"POST","sessionId":"SX4iAGMBpa3pVrTLb1N3mP11jsyZ-Zpx","text":"User logged in successfully","url":"/api/user/login","userId":"66c2b4f4ac7e398ad3591369"},"timestamp":"2024-08-21T07:51:11.976Z"}
{"level":"info","message":{"Fullname":"Qui earum exercitati","method":"POST","sessionId":"M24HPbjxMeIL6PojJgyhLuflvZmkOXk2","text":"User logged in successfully","url":"/api/user/login","userId":"66c2b4f4ac7e398ad3591369"},"timestamp":"2024-08-21T07:51:49.841Z"}
{"level":"info","message":{"Fullname":"ABhishek Bhatta","method":"POST","sessionId":"rlfPoxIROBFIEwEpQ-A_Gf0ywUw1IaAn","text":"User logged in successfully","url":"/api/user/login","userId":"66ca06c1df29393af40f4349"},"timestamp":"2024-08-24T16:14:46.866Z"}
{"level":"info","message":{"Fullname":"ABhishek Bhatta","method":"POST","sessionId":"hNfDXLpkw5g-Wb_EBJokftXESGYIyQ5p","text":"User logged in successfully","url":"/api/user/login","userId":"66ca06c1df29393af40f4349"},"timestamp":"2024-08-24T16:18:03.544Z"}
{"level":"info","message":{"Fullname":"admin","method":"POST","sessionId":"uLP7kwSQbi7DiWqyq-xAyrF4sfijHhGk","text":"User logged in successfully","url":"/api/user/login","userId":"66bad8b2c25274fb43183fb6"},"timestamp":"2024-08-24T16:20:10.344Z"}
{"level":"info","message":{"Fullname":"ABhishek Bhatta","method":"POST","sessionId":"sEkFKDDTsOhjWK1RSyAGN7Bv90H5-Vs2","text":"User logged in successfully","url":"/api/user/login","userId":"66ca06c1df29393af40f4349"},"timestamp":"2024-08-24T16:28:29.325Z"}
{"level":"info","message":{"Fullname":"ABhishek Bhatta","method":"POST","sessionId":"IfuLWH-olQdYrev2-Vm2mbSv5YZCvPfM","text":"User logged in successfully","url":"/api/user/login","userId":"66ca06c1df29393af40f4349"},"timestamp":"2024-08-24T16:40:45.722Z"}
{"level":"info","message":{"Fullname":"ABhishek Bhatta","method":"POST","sessionId":"x5_8h9Ph0F_1Y4dmb_ZQE622Z38IcKbl","text":"User logged in successfully","url":"/api/user/login","userId":"66ca06c1df29393af40f4349"},"timestamp":"2024-08-24T16:43:10.926Z"}
